ltmpl=default
ltmplcache=2
continue=https://mail.google.com/mail/?
service=mail
rm=false
dsh=5754372714185423461
ltmpl=default
ltmpl=default
scc=1
ss=1
GALX=oXwT1jDgpqg
Email=test
Passwd=test
rmShown=1
signIn=Sign+in
asts=
ltmpl=default
ltmplcache=2
continue=https://mail.google.com/mail/?
service=mail
rm=false
dsh=5754372714185423461
ltmpl=default
ltmpl=default
scc=1
ss=1
GALX=oXwT1jDgpqg
Email=test
Passwd=test
rmShown=1
signIn=Sign+in
asts=
ltmpl=default
ltmplcache=2
continue=https://mail.google.com/mail/?
service=mail
rm=false
dsh=5754372714185423461
ltmpl=default
ltmpl=default
scc=1
ss=1
GALX=oXwT1jDgpqg
Email=test
Passwd=test
rmShown=1
signIn=Sign+in
asts=
ltmpl=default
ltmplcache=2
continue=https://mail.google.com/mail/?
service=mail
rm=false
dsh=5754372714185423461
ltmpl=default
ltmpl=default
scc=1
ss=1
GALX=oXwT1jDgpqg
Email=tet
Passwd=test
rmShown=1
signIn=Sign+in
asts=
continue=https://mail.google.com/mail/
service=mail
rm=false
dsh=3679996814332845883
ltmpl=default
scc=1
ss=1
GALX=BiAalc9v49c
pstMsg=1
dnConn=
checkConnection=
checkedDomains=youtube
timeStmp=
secTok=
_utf8=☃
bgresponse=!A0J7w_NPnyud1ETSusKBEcBMTg8ABB4HuuEKAGzWFXgRYrJ8x7RcKT_BpY2Hd8pNczF1b3zHOq8GumLZo7TcBukLFWsWagvfBz9o5EPhVmJ97pv8fYktFsCZS0HdYpsskQ7jbKoW4-0qd2kjvQMCPU4ZxBGfO1hj8P3zt07yE42mBc2M5u0CsigqAAiqy_vIQh1R-A
Email=test
Passwd=test
signIn=Sign+in
PersistentCookie=yes
rmShown=1
continue=https://mail.google.com/mail/
service=mail
rm=false
dsh=-6834457780730779692
ltmpl=default
scc=1
ss=1
GALX=GSqpHwKWAWQ
pstMsg=1
dnConn=
checkConnection=
checkedDomains=youtube
timeStmp=
secTok=
_utf8=☃
bgresponse=!A0IyJeZQShJiz0TenK-_XEJWtQ8ABB4HqZIKAGxH4FzpWGCSdY4LqGDyRo3dleyTY1x_9szJnCt9mFFkAq8DvloaGUkAqEcrGxx3Uef-1xxppDb5zkolF5jbsNuiem53lrSpbeEjMLySD9BJr9Uk1HnMeDIdn9c3v4sqVZ79PAge-R6dB9bYkioqAAiOVV_JIPJUhA
Email=username
Passwd=password
signIn=Sign+in
PersistentCookie=yes
rmShown=1
continue=https://mail.google.com/mail/
service=mail
rm=false
dsh=-405989274021552508
ltmpl=default
scc=1
ss=1
GALX=k3LgQhAp5jA
pstMsg=1
dnConn=
checkConnection=
checkedDomains=youtube
timeStmp=
secTok=
_utf8=☃
bgresponse=!A0KCSBaP5tb5YERsTFtNU8_yCg8ABB4Hk5IKAGwWM5dIoHf5tSdLrJDtFEIhFPC-z9wAarYLIMXC-luOZRTFWxGGiBhR54zuwCRKndTESiUq7g_45sxkTYgjXi-71dYnqdis5qy-uE5miB94waltB95k-PBpss9TpaW9gDMDGXRTYEMxqFFGTS4qAAiJNzpL9TwORA
Email=username
Passwd=password
signIn=Sign+in
PersistentCookie=yes
rmShown=1
continue=https://mail.google.com/mail/
service=mail
rm=false
dsh=-5906326910084223781
ltmpl=default
scc=1
ss=1
GALX=D6B2Bd0XHnc
pstMsg=1
dnConn=
checkConnection=
checkedDomains=youtube
timeStmp=
secTok=
_utf8=☃
bgresponse=!A0Lj2_NLU1P2vES5wrPOr80WyA8ABB4HscQKAGzBJm64fLs6mECBJezhFEV46FyEX9GWmt0yEyKRJNOkg_qzAPtIF7F_btjhYd2utN_UIJ7tMfKpniXVi3crTGPmerJurWS90CfD4KUjVLECV0qab1PjF3hr4g93OM4FkujzZx8CmXEUBp4cH_oqAAjcp_J2c8PVGw
Email=test
Passwd=test
signIn=Sign+in
PersistentCookie=yes
rmShown=1
