ERROR: 2012-12-12 11:22:41.791385: [Errno 5] Input/output error
ERROR: 2012-12-12 12:28:36.563129: [Errno 5] Input/output error
ERROR: 2012-12-12 16:35:37.579779: invalid syntax (cloner.py, line 266)
ERROR: 2012-12-12 16:37:02.980444: invalid syntax (cloner.py, line 267)
ERROR: 2012-12-12 16:37:54.222136: invalid syntax (harvester.py, line 31)
ERROR: 2012-12-12 16:38:31.807992: 'bool' object has no attribute 'lower'
ERROR: 2012-12-12 21:25:48.866276: invalid syntax (smtp_web.py, line 225)
ERROR: 2012-12-13 20:57:12.055093: invalid syntax (spawn.py, line 472)
ERROR: 2012-12-13 20:57:48.490826: [Errno 5] Input/output error
ERROR: 2012-12-13 21:07:07.837400: name 'web_port' is not defined
ERROR: 2012-12-13 21:07:30.029539: [Errno 5] Input/output error
ERROR: 2012-12-13 21:08:12.267803: name 'web_port' is not defined
ERROR: 2012-12-13 21:08:15.202276: [Errno 5] Input/output error
ERROR: 2012-12-13 21:09:07.510008: name 'web_port' is not defined
ERROR: 2012-12-13 21:09:08.744689: [Errno 5] Input/output error
ERROR: 2012-12-13 21:10:00.582049: name 'web_port' is not defined
ERROR: 2012-12-13 21:10:22.066220: cannot concatenate 'str' and 'datetime.datetime' objects
ERROR: 2012-12-13 21:12:01.132327: name 'web_port' is not defined
ERROR: 2012-12-13 21:12:19.470554: [Errno 5] Input/output error
ERROR: 2012-12-13 21:18:59.546472: name 'web_port' is not defined
ERROR: 2012-12-13 21:19:24.412603: [Errno 5] Input/output error
ERROR: 2012-12-13 21:23:43.224123: name 'web_port' is not defined
ERROR: 2012-12-13 21:23:50.333043: [Errno 5] Input/output error
ERROR: 2012-12-13 21:27:31.529504: name 'web_port' is not defined
ERROR: 2012-12-13 21:29:38.154499: [Errno 5] Input/output error
ERROR: 2012-12-13 22:02:40.790975: name 'web_port' is not defined
ERROR: 2012-12-13 22:02:40.800465: [Errno 98] Address already in use
ERROR: 2012-12-13 22:06:39.624426: name 'web_port' is not defined
ERROR: 2012-12-13 22:06:39.633158: [Errno 98] Address already in use
ERROR: 2012-12-13 22:06:46.897699: [Errno 5] Input/output error
ERROR: 2012-12-13 22:07:39.160490: name 'web_port' is not defined
ERROR: 2012-12-13 22:10:32.951421: [Errno 5] Input/output error
ERROR: 2012-12-13 22:13:28.600808: EOL while scanning string literal (create_payloads.py, line 480)
ERROR: 2012-12-13 22:14:39.979606: name 'web_port' is not defined
ERROR: 2012-12-13 22:16:38.989231: [Errno 5] Input/output error
ERROR: 2012-12-13 22:22:49.945250: name 'web_port' is not defined
ERROR: 2012-12-13 22:25:29.054218: [Errno 5] Input/output error
ERROR: 2012-12-13 22:27:50.504399: name 'web_port' is not defined
ERROR: 2012-12-13 22:32:13.784220: [Errno 5] Input/output error
ERROR: 2012-12-13 22:32:43.383300: name 'web_port' is not defined
ERROR: 2012-12-13 22:33:22.292290: [Errno 5] Input/output error
ERROR: 2012-12-13 22:35:27.075836: name 'web_port' is not defined
ERROR: 2012-12-13 22:36:34.170682: [Errno 5] Input/output error
ERROR: 2012-12-13 22:40:12.579449: name 'web_port' is not defined
ERROR: 2012-12-13 22:41:20.754789: [Errno 5] Input/output error
ERROR: 2012-12-13 22:41:35.620738: name 'web_port' is not defined
ERROR: 2012-12-13 22:42:25.262805: [Errno 5] Input/output error
ERROR: 2012-12-13 22:42:44.974306: name 'web_port' is not defined
ERROR: 2012-12-13 22:43:10.886806: [Errno 5] Input/output error
ERROR: 2012-12-13 22:47:12.170507: name 'web_port' is not defined
ERROR: 2012-12-13 22:47:37.132813: [Errno 5] Input/output error
ERROR: 2012-12-13 22:47:58.511746: name 'web_port' is not defined
ERROR: 2012-12-13 22:49:40.339660: [Errno 5] Input/output error
ERROR: 2012-12-13 22:49:53.850571: name 'web_port' is not defined
ERROR: 2012-12-13 22:50:48.128978: [Errno 5] Input/output error
ERROR: 2012-12-13 22:52:44.280341: name 'web_port' is not defined
ERROR: 2012-12-13 22:53:20.119714: [Errno 5] Input/output error
ERROR: 2012-12-13 22:56:52.827255: name 'web_port' is not defined
ERROR: 2012-12-13 22:57:27.162101: [Errno 5] Input/output error
ERROR: 2012-12-13 23:00:16.118774: name 'web_port' is not defined
ERROR: 2012-12-13 23:00:33.627619: [Errno 5] Input/output error
ERROR: 2012-12-13 23:05:31.936038: name 'web_port' is not defined
ERROR: 2012-12-13 23:05:31.941373: [Errno 98] Address already in use
ERROR: 2012-12-13 23:05:54.322868: name 'web_port' is not defined
ERROR: 2012-12-13 23:06:13.186466: [Errno 5] Input/output error
ERROR: 2012-12-13 23:18:42.330107: name 'web_port' is not defined
ERROR: 2012-12-13 23:19:26.940339: [Errno 5] Input/output error
ERROR: 2012-12-13 23:21:25.910619: name 'web_port' is not defined
ERROR: 2012-12-13 23:22:37.851963: [Errno 5] Input/output error
ERROR: 2012-12-14 22:21:57.260355: name 'web_port' is not defined
ERROR: 2012-12-14 22:23:24.674513: [Errno 5] Input/output error
ERROR: 2012-12-14 22:30:47.772754: name 'web_port' is not defined
ERROR: 2012-12-14 22:32:48.268551: [Errno 5] Input/output error
ERROR: 2012-12-17 09:24:12.950125: name 'web_port' is not defined
ERROR: 2012-12-17 09:25:31.741929: [Errno 5] Input/output error
ERROR: 2012-12-18 16:42:22.260306: name 'web_port' is not defined
ERROR: 2012-12-18 16:44:58.901379: name 'web_port' is not defined
ERROR: 2012-12-19 19:49:49.842477: name 'web_port' is not defined
ERROR: 2012-12-19 19:53:06.614479: [Errno 5] Input/output error
ERROR: 2012-12-19 21:17:42.633949: name 'web_port' is not defined
ERROR: 2012-12-19 21:19:48.873944: [Errno 5] Input/output error
ERROR: 2012-12-19 21:23:30.062258: name 'web_port' is not defined
ERROR: 2012-12-21 08:40:23.535243: name 'web_port' is not defined
ERROR: 2012-12-21 08:51:10.471013: [Errno 2] No such file or directory: 'src/html/Signed_Update.jar.orig'
ERROR: 2012-12-21 08:53:22.207645: name 'web_port' is not defined
ERROR: 2012-12-21 09:01:29.446031: name 'web_port' is not defined
ERROR: 2012-12-21 09:03:17.953215: name 'web_port' is not defined
ERROR: 2012-12-21 09:05:10.293159: name 'web_port' is not defined
ERROR: 2012-12-21 09:05:10.295066: [Errno 98] Address already in use
ERROR: 2012-12-21 15:13:47.810896: name 'web_port' is not defined
ERROR: 2012-12-21 15:16:10.450646: name 'web_port' is not defined
ERROR: 2012-12-21 15:25:43.490438: name 'web_port' is not defined
ERROR: 2012-12-21 15:25:43.496720: [Errno 98] Address already in use
ERROR: 2012-12-21 15:26:04.237449: name 'web_port' is not defined
ERROR: 2012-12-21 15:26:04.246570: [Errno 98] Address already in use
ERROR: 2012-12-21 15:26:08.031538: [Errno 5] Input/output error
ERROR: 2012-12-21 15:26:14.869427: [Errno 5] Input/output error
ERROR: 2012-12-21 15:26:36.229864: name 'web_port' is not defined
ERROR: 2012-12-21 15:34:00.721348: [Errno 5] Input/output error
ERROR: 2012-12-21 15:37:00.760194: name 'web_port' is not defined
ERROR: 2012-12-21 15:37:57.816859: name 'web_port' is not defined
ERROR: 2012-12-21 15:37:57.826239: [Errno 98] Address already in use
ERROR: 2012-12-21 15:39:36.469439: [Errno 5] Input/output error
ERROR: 2012-12-21 15:39:59.002366: name 'web_port' is not defined
ERROR: 2012-12-21 15:40:23.929096: [Errno 5] Input/output error
ERROR: 2012-12-21 15:42:57.839833: name 'web_port' is not defined
ERROR: 2012-12-21 15:43:21.908972: [Errno 5] Input/output error
ERROR: 2012-12-22 13:25:49.074554: name 'web_port' is not defined
ERROR: 2012-12-22 13:26:14.671602: class bcolors has no attribute 'EDNC'
ERROR: 2012-12-22 13:30:17.625793: name 'web_port' is not defined
ERROR: 2012-12-22 13:31:08.153861: [Errno 5] Input/output error
ERROR: 2012-12-30 11:03:39.183398: name 'web_port' is not defined
ERROR: 2012-12-30 11:03:57.931752: [Errno 5] Input/output error
